This is pdfTeX, Version 3.1415926-2.3-1.40.12 (MiKTeX 2.9 64-bit) (preloaded format=pdftex 2013.12.11)  2 MAY 2015 16:41
entering extended mode
**C:/Users/sony/Desktop/Huong*dan*LaTeX(meou)/science.bib
("C:/Users/sony/Desktop/Huong dan LaTeX(meou)/science.bib"
Missing character: There is no â in font cmr10!
Missing character: There is no € in font cmr10!
Missing character: There is no “ in font cmr10!
Missing character: There is no Ã in font cmr10!
Missing character: There is no ¸ in font cmr10!
Missing character: There is no Ã in font cmr10!
Missing character: There is no ¼ in font cmr10!
Missing character: There is no â in font cmr10!
Missing character: There is no € in font cmr10!
Missing character: There is no ™ in font cmr10!
Missing character: There is no Ã in font cmr10!
Missing character: There is no ¼ in font cmr10!
Missing character: There is no Ã in font cmr10!
Missing character: There is no ¸ in font cmr10!
)
*
! Emergency stop.
<*> ...y/Desktop/Huong*dan*LaTeX(meou)/science.bib
                                                  
End of file on the terminal!

!  ==> Fatal error occurred, no output PDF file produced!
