This is XeTeX, Version 3.14159265-2.6-0.99999 (MiKTeX 2.9.6630 64-bit) (preloaded format=xelatex 2018.5.9)  13 JUN 2018 15:17
entering extended mode
**./Nhom_Tu_Questions.tex
(Nhom_Tu_Questions.tex
LaTeX2e <2017-04-15>
Babel <3.18> and hyphenation patterns for 75 language(s) loaded.

("C:\Users\tungu\AppData\Local\Programs\MiKTeX 2.9\tex\latex\extsizes\extreport
.cls"
Document Class: extreport 1996/10/08 v1.0 Non Standard LaTeX document class
("C:\Users\tungu\AppData\Local\Programs\MiKTeX 2.9\tex\latex\base\size10.clo"
File: size10.clo 2014/09/29 v1.4h Standard LaTeX file (size option)
)
("C:\Users\tungu\AppData\Local\Programs\MiKTeX 2.9\tex\latex\base\exscale.sty"
Package: exscale 2014/09/29 v2.1h Standard LaTeX package exscale
LaTeX Font Info:    Redeclaring symbol font `largesymbols' on input line 57.
LaTeX Font Info:    Overwriting symbol font `largesymbols' in version `normal'
(Font)                  OMX/cmex/m/n --> OMX/cmex/m/n on input line 57.
LaTeX Font Info:    Overwriting symbol font `largesymbols' in version `bold'
(Font)                  OMX/cmex/m/n --> OMX/cmex/m/n on input line 57.
\big@size=\dimen102
)
\c@part=\count79
\c@chapter=\count80
\c@section=\count81
\c@subsection=\count82
\c@subsubsection=\count83
\c@paragraph=\count84
\c@subparagraph=\count85
\c@figure=\count86
\c@table=\count87
\abovecaptionskip=\skip41
\belowcaptionskip=\skip42
\bibindent=\dimen103
) ("C:\Users\tungu\AppData\Local\Programs\MiKTeX 2.9\tex\latex\base\inputenc.st
y"
Package: inputenc 2015/03/17 v1.2c Input encoding file
\inpenc@prehook=\toks14
\inpenc@posthook=\toks15


Package inputenc Warning: inputenc package ignored with utf8 based engines.

)
("C:\Users\tungu\AppData\Local\Programs\MiKTeX 2.9\tex\latex\preprint\fullpage.
sty"
Package: fullpage 1999/02/23 1.1 (PWD)
\FP@margin=\skip43
)
("C:\Users\tungu\AppData\Local\Programs\MiKTeX 2.9\tex\generic\babel\babel.sty"
Package: babel 2018/02/14 3.18 The Babel package
("C:\Users\tungu\AppData\Local\Programs\MiKTeX 2.9\tex\generic\babel\switch.def
"
File: switch.def 2018/02/14 3.18 Babel switching mechanism
)
*************************************
* Local config file bblopts.cfg used
*
("C:\Users\tungu\AppData\Local\Programs\MiKTeX 2.9\tex\latex\arabi\bblopts.cfg"
File: bblopts.cfg 2005/09/08 v0.1 add Arabic and Farsi to "declared" options of
 babel
)
("C:\Users\tungu\AppData\Local\Programs\MiKTeX 2.9\tex\latex\babel-vietnamese\v
ietnamese.ldf"
Language: vietnamese 

("C:\Users\tungu\AppData\Local\Programs\MiKTeX 2.9\tex\generic\babel\babel.def"
File: babel.def 2018/02/14 3.18 Babel common definitions
\babel@savecnt=\count88
\U@D=\dimen104

("C:\Users\tungu\AppData\Local\Programs\MiKTeX 2.9\tex\generic\babel\xebabel.de
f"
("C:\Users\tungu\AppData\Local\Programs\MiKTeX 2.9\tex\generic\babel\txtbabel.d
ef"))
\bbl@dirlevel=\count89
)

Package babel Warning: No hyphenation patterns were preloaded for
(babel)                the language `Vietnamese' into the format.
(babel)                Please, configure your TeX system to add them and
(babel)                rebuild the format. Now I will use the patterns
(babel)                preloaded for english instead on input line 36.

\l@vietnamese = a dialect from \language0
\l@vietnam = a dialect from \language0
Package babel Info: Making " an active character on input line 147.
)
("C:\Users\tungu\AppData\Local\Programs\MiKTeX 2.9\tex\latex\babel-english\engl
ish.ldf"
Language: english 2017/06/06 v3.3r English support from the babel system
\l@canadian = a dialect from \language\l@american 
\l@australian = a dialect from \language\l@british 
\l@newzealand = a dialect from \language\l@british 
))
("C:\Users\tungu\AppData\Local\Programs\MiKTeX 2.9\tex\latex\graphics\graphicx.
sty"
Package: graphicx 2017/06/01 v1.1a Enhanced LaTeX Graphics (DPC,SPQR)

("C:\Users\tungu\AppData\Local\Programs\MiKTeX 2.9\tex\latex\graphics\keyval.st
y"
Package: keyval 2014/10/28 v1.15 key=value parser (DPC)
\KV@toks@=\toks16
)
("C:\Users\tungu\AppData\Local\Programs\MiKTeX 2.9\tex\latex\graphics\graphics.
sty"
Package: graphics 2017/06/25 v1.2c Standard LaTeX Graphics (DPC,SPQR)

("C:\Users\tungu\AppData\Local\Programs\MiKTeX 2.9\tex\latex\graphics\trig.sty"
Package: trig 2016/01/03 v1.10 sin cos tan (DPC)
)
("C:\Users\tungu\AppData\Local\Programs\MiKTeX 2.9\tex\latex\graphics-cfg\graph
ics.cfg"
File: graphics.cfg 2016/06/04 v1.11 sample graphics configuration
)
Package graphics Info: Driver file: xetex.def on input line 99.

("C:\Users\tungu\AppData\Local\Programs\MiKTeX 2.9\tex\latex\graphics-def\xetex
.def"
File: xetex.def 2017/06/24 v5.0h Graphics/color driver for xetex
))
\Gin@req@height=\dimen105
\Gin@req@width=\dimen106
)

LaTeX Warning: Unused global option(s):
    [13pt].

(Nhom_Tu_Questions.aux)
\openout1 = `Nhom_Tu_Questions.aux'.

LaTeX Font Info:    Checking defaults for OML/cmm/m/it on input line 7.
LaTeX Font Info:    ... okay on input line 7.
LaTeX Font Info:    Checking defaults for T1/cmr/m/n on input line 7.
LaTeX Font Info:    ... okay on input line 7.
LaTeX Font Info:    Checking defaults for OT1/cmr/m/n on input line 7.
LaTeX Font Info:    ... okay on input line 7.
LaTeX Font Info:    Checking defaults for OMS/cmsy/m/n on input line 7.
LaTeX Font Info:    ... okay on input line 7.
LaTeX Font Info:    Checking defaults for TU/lmr/m/n on input line 7.
LaTeX Font Info:    ... okay on input line 7.
LaTeX Font Info:    Checking defaults for OMX/cmex/m/n on input line 7.
LaTeX Font Info:    ... okay on input line 7.
LaTeX Font Info:    Checking defaults for U/cmr/m/n on input line 7.
LaTeX Font Info:    ... okay on input line 7.

Underfull \hbox (badness 10000) in paragraph at lines 8--9

 []


Underfull \hbox (badness 10000) in paragraph at lines 9--10

 []


Underfull \hbox (badness 10000) in paragraph at lines 10--11

 []


Underfull \hbox (badness 10000) in paragraph at lines 11--12

 []


Underfull \hbox (badness 10000) in paragraph at lines 12--14

 []


Underfull \hbox (badness 10000) in paragraph at lines 18--19

 []


Underfull \hbox (badness 10000) in paragraph at lines 20--22

 []

LaTeX Font Info:    External font `cmex7' loaded for size
(Font)              <7> on input line 24.
LaTeX Font Info:    External font `cmex7' loaded for size
(Font)              <5> on input line 24.

Underfull \hbox (badness 10000) in paragraph at lines 29--31

 []


Underfull \hbox (badness 10000) in paragraph at lines 32--34

 []

[1

]
Underfull \hbox (badness 10000) in paragraph at lines 35--37

 []


Underfull \hbox (badness 10000) in paragraph at lines 38--40

 []

File: gmm_exp.PNG Graphic file (type bmp)
<gmm_exp.PNG>
[2] (Nhom_Tu_Questions.aux) ) 
Here is how much of TeX's memory you used:
 1304 strings out of 427836
 18389 string characters out of 3148511
 93673 words of memory out of 3000000
 5289 multiletter control sequences out of 15000+200000
 3883 words of font info for 17 fonts, out of 3000000 for 9000
 1328 hyphenation exceptions out of 8191
 25i,4n,24p,832b,224s stack positions out of 5000i,500n,10000p,200000b,50000s

Output written on Nhom_Tu_Questions.pdf (2 pages).
